<?xml version="1.0" encoding="UTF-8"?>
<coverage generated="1566921133088" clover="3.2.0">
  <project timestamp="1566921133088" name="All files">
    <metrics statements="102" coveredstatements="68" conditionals="72" coveredconditionals="23" methods="25" coveredmethods="16" elements="199" coveredelements="107" complexity="0" loc="102" ncloc="102" packages="1" files="2" classes="2">
      <file name="EventManager.ts" path="D:\work\vesium\src\core\EventManager.ts">
        <metrics statements="97" coveredstatements="65" conditionals="52" coveredconditionals="23" methods="23" coveredmethods="16"/>
        <line num="1" count="1" type="stmt"/>
        <line num="3" count="1" type="stmt"/>
        <line num="54" count="1" type="stmt"/>
        <line num="74" count="1" type="stmt"/>
        <line num="75" count="1" type="stmt"/>
        <line num="97" count="4" type="stmt"/>
        <line num="116" count="4" type="stmt"/>
        <line num="117" count="4" type="stmt"/>
        <line num="119" count="4" type="stmt"/>
        <line num="120" count="4" type="stmt"/>
        <line num="121" count="4" type="stmt"/>
        <line num="124" count="1" type="stmt"/>
        <line num="125" count="1" type="cond" truecount="1" falsecount="1"/>
        <line num="126" count="1" type="stmt"/>
        <line num="130" count="1" type="stmt"/>
        <line num="131" count="2" type="stmt"/>
        <line num="134" count="1" type="stmt"/>
        <line num="135" count="4" type="stmt"/>
        <line num="138" count="1" type="stmt"/>
        <line num="139" count="18" type="stmt"/>
        <line num="142" count="3" type="stmt"/>
        <line num="143" count="3" type="stmt"/>
        <line num="144" count="3" type="stmt"/>
        <line num="145" count="3" type="cond" truecount="1" falsecount="1"/>
        <line num="146" count="3" type="cond" truecount="2" falsecount="0"/>
        <line num="147" count="2" type="stmt"/>
        <line num="149" count="1" type="stmt"/>
        <line num="153" count="3" type="stmt"/>
        <line num="156" count="1" type="stmt"/>
        <line num="157" count="1" type="stmt"/>
        <line num="158" count="17" type="stmt"/>
        <line num="160" count="1" type="stmt"/>
        <line num="163" count="5" type="stmt"/>
        <line num="164" count="5" type="stmt"/>
        <line num="165" count="5" type="stmt"/>
        <line num="166" count="5" type="stmt"/>
        <line num="167" count="5" type="stmt"/>
        <line num="169" count="5" type="cond" truecount="1" falsecount="1"/>
        <line num="170" count="5" type="cond" truecount="2" falsecount="0"/>
        <line num="175" count="4" type="stmt"/>
        <line num="176" count="1" type="cond" truecount="1" falsecount="1"/>
        <line num="177" count="1" type="stmt"/>
        <line num="181" count="85" type="stmt"/>
        <line num="182" count="85" type="stmt"/>
        <line num="184" count="85" type="stmt"/>
        <line num="185" count="4" type="cond" truecount="2" falsecount="0"/>
        <line num="186" count="3" type="stmt"/>
        <line num="188" count="4" type="stmt"/>
        <line num="191" count="85" type="cond" truecount="5" falsecount="0"/>
        <line num="192" count="15" type="stmt"/>
        <line num="195" count="70" type="stmt"/>
        <line num="197" count="70" type="cond" truecount="1" falsecount="1"/>
        <line num="198" count="70" type="cond" truecount="2" falsecount="0"/>
        <line num="199" count="67" type="stmt"/>
        <line num="200" count="3" type="cond" truecount="1" falsecount="1"/>
        <line num="201" count="3" type="stmt"/>
        <line num="205" count="70" type="stmt"/>
        <line num="206" count="28" type="cond" truecount="1" falsecount="1"/>
        <line num="207" count="28" type="stmt"/>
        <line num="213" count="1" type="stmt"/>
        <line num="214" count="4" type="stmt"/>
        <line num="217" count="4" type="stmt"/>
        <line num="218" count="0" type="stmt"/>
        <line num="220" count="0" type="cond" truecount="0" falsecount="2"/>
        <line num="221" count="0" type="stmt"/>
        <line num="222" count="0" type="cond" truecount="0" falsecount="2"/>
        <line num="223" count="0" type="stmt"/>
        <line num="229" count="4" type="stmt"/>
        <line num="230" count="0" type="stmt"/>
        <line num="231" count="0" type="stmt"/>
        <line num="233" count="0" type="stmt"/>
        <line num="234" count="0" type="stmt"/>
        <line num="235" count="0" type="stmt"/>
        <line num="236" count="0" type="cond" truecount="0" falsecount="2"/>
        <line num="237" count="0" type="stmt"/>
        <line num="241" count="0" type="cond" truecount="0" falsecount="2"/>
        <line num="242" count="0" type="stmt"/>
        <line num="243" count="0" type="cond" truecount="0" falsecount="2"/>
        <line num="244" count="0" type="stmt"/>
        <line num="249" count="0" type="stmt"/>
        <line num="250" count="0" type="cond" truecount="0" falsecount="2"/>
        <line num="251" count="0" type="stmt"/>
        <line num="252" count="0" type="cond" truecount="0" falsecount="2"/>
        <line num="253" count="0" type="stmt"/>
        <line num="256" count="0" type="stmt"/>
        <line num="257" count="0" type="cond" truecount="0" falsecount="2"/>
        <line num="258" count="0" type="stmt"/>
        <line num="264" count="1" type="stmt"/>
        <line num="265" count="0" type="cond" truecount="0" falsecount="2"/>
        <line num="266" count="0" type="stmt"/>
        <line num="268" count="0" type="stmt"/>
        <line num="269" count="0" type="cond" truecount="0" falsecount="2"/>
        <line num="271" count="0" type="cond" truecount="0" falsecount="2"/>
        <line num="272" count="0" type="stmt"/>
        <line num="275" count="0" type="stmt"/>
        <line num="277" count="0" type="stmt"/>
        <line num="279" count="1" type="stmt"/>
      </file>
      <file name="util.ts" path="D:\work\vesium\src\core\util.ts">
        <metrics statements="5" coveredstatements="3" conditionals="20" coveredconditionals="0" methods="2" coveredmethods="0"/>
        <line num="1" count="1" type="stmt"/>
        <line num="3" count="1" type="stmt"/>
        <line num="4" count="0" type="cond" truecount="0" falsecount="11"/>
        <line num="19" count="1" type="stmt"/>
        <line num="20" count="0" type="cond" truecount="0" falsecount="9"/>
      </file>
    </metrics>
  </project>
</coverage>
