{"D:\\work\\vesium\\src\\core\\EventManager.ts": {"path":"D:\\work\\vesium\\src\\core\\EventManager.ts","statementMap":{"0":{"start":{"line":1,"column":0},"end":{"line":1,"column":77}},"1":{"start":{"line":3,"column":0},"end":{"line":3,"column":42}},"2":{"start":{"line":54,"column":13},"end":{"line":72,"column":1}},"3":{"start":{"line":74,"column":0},"end":{"line":279,"column":0}},"4":{"start":{"line":119,"column":2},"end":{"line":122,"column":2}},"5":{"start":{"line":97,"column":10},"end":{"line":115,"column":3}},"6":{"start":{"line":116,"column":10},"end":{"line":116,"column":43}},"7":{"start":{"line":117,"column":10},"end":{"line":117,"column":43}},"8":{"start":{"line":217,"column":10},"end":{"line":227,"column":3}},"9":{"start":{"line":217,"column":45},"end":{"line":227,"column":3}},"10":{"start":{"line":218,"column":19},"end":{"line":218,"column":40}},"11":{"start":{"line":220,"column":4},"end":{"line":226,"column":5}},"12":{"start":{"line":221,"column":6},"end":{"line":225,"column":8}},"13":{"start":{"line":222,"column":8},"end":{"line":224,"column":9}},"14":{"start":{"line":223,"column":10},"end":{"line":223,"column":24}},"15":{"start":{"line":229,"column":10},"end":{"line":262,"column":3}},"16":{"start":{"line":230,"column":19},"end":{"line":230,"column":43}},"17":{"start":{"line":231,"column":4},"end":{"line":231,"column":24}},"18":{"start":{"line":233,"column":4},"end":{"line":239,"column":6}},"19":{"start":{"line":234,"column":16},"end":{"line":234,"column":51}},"20":{"start":{"line":235,"column":6},"end":{"line":235,"column":34}},"21":{"start":{"line":236,"column":6},"end":{"line":238,"column":7}},"22":{"start":{"line":237,"column":8},"end":{"line":237,"column":36}},"23":{"start":{"line":241,"column":4},"end":{"line":247,"column":5}},"24":{"start":{"line":242,"column":6},"end":{"line":246,"column":8}},"25":{"start":{"line":243,"column":8},"end":{"line":245,"column":9}},"26":{"start":{"line":244,"column":10},"end":{"line":244,"column":24}},"27":{"start":{"line":249,"column":4},"end":{"line":261,"column":6}},"28":{"start":{"line":250,"column":6},"end":{"line":260,"column":7}},"29":{"start":{"line":251,"column":29},"end":{"line":251,"column":66}},"30":{"start":{"line":252,"column":8},"end":{"line":254,"column":9}},"31":{"start":{"line":253,"column":10},"end":{"line":253,"column":34}},"32":{"start":{"line":256,"column":29},"end":{"line":256,"column":66}},"33":{"start":{"line":257,"column":8},"end":{"line":259,"column":9}},"34":{"start":{"line":258,"column":10},"end":{"line":258,"column":34}},"35":{"start":{"line":120,"column":4},"end":{"line":120,"column":22}},"36":{"start":{"line":121,"column":4},"end":{"line":121,"column":51}},"37":{"start":{"line":124,"column":9},"end":{"line":128,"column":3}},"38":{"start":{"line":125,"column":4},"end":{"line":127,"column":5}},"39":{"start":{"line":126,"column":6},"end":{"line":126,"column":25}},"40":{"start":{"line":130,"column":9},"end":{"line":132,"column":3}},"41":{"start":{"line":131,"column":4},"end":{"line":131,"column":34}},"42":{"start":{"line":134,"column":9},"end":{"line":136,"column":3}},"43":{"start":{"line":135,"column":4},"end":{"line":135,"column":38}},"44":{"start":{"line":138,"column":9},"end":{"line":140,"column":3}},"45":{"start":{"line":139,"column":4},"end":{"line":139,"column":37}},"46":{"start":{"line":142,"column":9},"end":{"line":154,"column":3}},"47":{"start":{"line":142,"column":2},"end":{"line":154,"column":2}},"48":{"start":{"line":143,"column":4},"end":{"line":152,"column":6}},"49":{"start":{"line":143,"column":36},"end":{"line":143,"column":37}},"50":{"start":{"line":143,"column":39},"end":{"line":143,"column":40}},"51":{"start":{"line":144,"column":17},"end":{"line":144,"column":31}},"52":{"start":{"line":145,"column":6},"end":{"line":151,"column":7}},"53":{"start":{"line":146,"column":8},"end":{"line":150,"column":9}},"54":{"start":{"line":147,"column":10},"end":{"line":147,"column":33}},"55":{"start":{"line":149,"column":10},"end":{"line":149,"column":31}},"56":{"start":{"line":153,"column":4},"end":{"line":153,"column":17}},"57":{"start":{"line":156,"column":9},"end":{"line":161,"column":3}},"58":{"start":{"line":156,"column":2},"end":{"line":161,"column":2}},"59":{"start":{"line":157,"column":4},"end":{"line":159,"column":6}},"60":{"start":{"line":158,"column":6},"end":{"line":158,"column":27}},"61":{"start":{"line":160,"column":4},"end":{"line":160,"column":17}},"62":{"start":{"line":163,"column":9},"end":{"line":211,"column":3}},"63":{"start":{"line":163,"column":2},"end":{"line":211,"column":2}},"64":{"start":{"line":164,"column":17},"end":{"line":164,"column":26}},"65":{"start":{"line":165,"column":22},"end":{"line":165,"column":45}},"66":{"start":{"line":166,"column":21},"end":{"line":166,"column":49}},"67":{"start":{"line":167,"column":22},"end":{"line":167,"column":36}},"68":{"start":{"line":169,"column":4},"end":{"line":179,"column":5}},"69":{"start":{"line":170,"column":6},"end":{"line":178,"column":7}},"70":{"start":{"line":175,"column":8},"end":{"line":175,"column":68}},"71":{"start":{"line":176,"column":13},"end":{"line":178,"column":7}},"72":{"start":{"line":177,"column":8},"end":{"line":177,"column":90}},"73":{"start":{"line":181,"column":4},"end":{"line":210,"column":6}},"74":{"start":{"line":181,"column":42},"end":{"line":181,"column":44}},"75":{"start":{"line":181,"column":46},"end":{"line":181,"column":47}},"76":{"start":{"line":182,"column":24},"end":{"line":182,"column":39}},"77":{"start":{"line":184,"column":6},"end":{"line":189,"column":8}},"78":{"start":{"line":185,"column":8},"end":{"line":187,"column":9}},"79":{"start":{"line":186,"column":10},"end":{"line":186,"column":36}},"80":{"start":{"line":188,"column":8},"end":{"line":188,"column":24}},"81":{"start":{"line":191,"column":6},"end":{"line":193,"column":7}},"82":{"start":{"line":192,"column":8},"end":{"line":192,"column":14}},"83":{"start":{"line":195,"column":30},"end":{"line":195,"column":66}},"84":{"start":{"line":197,"column":6},"end":{"line":203,"column":7}},"85":{"start":{"line":198,"column":8},"end":{"line":202,"column":9}},"86":{"start":{"line":199,"column":10},"end":{"line":199,"column":49}},"87":{"start":{"line":200,"column":15},"end":{"line":202,"column":9}},"88":{"start":{"line":201,"column":10},"end":{"line":201,"column":84}},"89":{"start":{"line":205,"column":6},"end":{"line":209,"column":8}},"90":{"start":{"line":206,"column":8},"end":{"line":208,"column":9}},"91":{"start":{"line":207,"column":10},"end":{"line":207,"column":32}},"92":{"start":{"line":213,"column":9},"end":{"line":215,"column":3}},"93":{"start":{"line":214,"column":4},"end":{"line":214,"column":20}},"94":{"start":{"line":264,"column":10},"end":{"line":278,"column":3}},"95":{"start":{"line":265,"column":4},"end":{"line":267,"column":5}},"96":{"start":{"line":266,"column":6},"end":{"line":266,"column":22}},"97":{"start":{"line":268,"column":19},"end":{"line":268,"column":39}},"98":{"start":{"line":269,"column":4},"end":{"line":276,"column":5}},"99":{"start":{"line":271,"column":6},"end":{"line":273,"column":7}},"100":{"start":{"line":272,"column":8},"end":{"line":272,"column":24}},"101":{"start":{"line":275,"column":6},"end":{"line":275,"column":19}},"102":{"start":{"line":277,"column":4},"end":{"line":277,"column":20}},"103":{"start":{"line":75,"column":17},"end":{"line":93,"column":3}},"104":{"start":{"line":279,"column":0},"end":{"line":279,"column":1}}},"fnMap":{"0":{"name":"(anonymous_0)","decl":{"start":{"line":74,"column":0},"end":{"line":null,"column":-1}},"loc":{"start":{"line":74,"column":0},"end":{"line":74,"column":-1}}},"1":{"name":"EventManager","decl":{"start":{"line":119,"column":2},"end":{"line":119,"column":20}},"loc":{"start":{"line":119,"column":67},"end":{"line":122,"column":3}}},"2":{"name":"(anonymous_2)","decl":{"start":{"line":217,"column":26},"end":{"line":217,"column":26}},"loc":{"start":{"line":217,"column":40},"end":{"line":227,"column":3}}},"3":{"name":"(anonymous_3)","decl":{"start":{"line":217,"column":45},"end":{"line":217,"column":45}},"loc":{"start":{"line":217,"column":68},"end":{"line":227,"column":3}}},"4":{"name":"(anonymous_4)","decl":{"start":{"line":221,"column":30},"end":{"line":221,"column":30}},"loc":{"start":{"line":221,"column":42},"end":{"line":225,"column":7}}},"5":{"name":"(anonymous_5)","decl":{"start":{"line":229,"column":24},"end":{"line":229,"column":24}},"loc":{"start":{"line":229,"column":47},"end":{"line":262,"column":3}}},"6":{"name":"(anonymous_6)","decl":{"start":{"line":233,"column":25},"end":{"line":233,"column":25}},"loc":{"start":{"line":233,"column":36},"end":{"line":239,"column":5}}},"7":{"name":"(anonymous_7)","decl":{"start":{"line":242,"column":38},"end":{"line":242,"column":38}},"loc":{"start":{"line":242,"column":50},"end":{"line":246,"column":7}}},"8":{"name":"(anonymous_8)","decl":{"start":{"line":249,"column":25},"end":{"line":249,"column":25}},"loc":{"start":{"line":249,"column":42},"end":{"line":261,"column":5}}},"9":{"name":"(anonymous_9)","decl":{"start":{"line":124,"column":2},"end":{"line":null,"column":-1}},"loc":{"start":{"line":124,"column":2},"end":{"line":128,"column":3}}},"10":{"name":"(anonymous_10)","decl":{"start":{"line":130,"column":2},"end":{"line":null,"column":-1}},"loc":{"start":{"line":130,"column":2},"end":{"line":132,"column":3}}},"11":{"name":"(anonymous_11)","decl":{"start":{"line":134,"column":2},"end":{"line":134,"column":11}},"loc":{"start":{"line":134,"column":55},"end":{"line":136,"column":3}}},"12":{"name":"(anonymous_12)","decl":{"start":{"line":138,"column":2},"end":{"line":138,"column":12}},"loc":{"start":{"line":138,"column":42},"end":{"line":140,"column":3}}},"13":{"name":"(anonymous_13)","decl":{"start":{"line":142,"column":2},"end":{"line":142,"column":18}},"loc":{"start":{"line":142,"column":46},"end":{"line":154,"column":3}}},"14":{"name":"(anonymous_14)","decl":{"start":{"line":143,"column":34},"end":{"line":143,"column":34}},"loc":{"start":{"line":143,"column":41},"end":{"line":152,"column":5}}},"15":{"name":"(anonymous_15)","decl":{"start":{"line":156,"column":2},"end":{"line":156,"column":20}},"loc":{"start":{"line":156,"column":33},"end":{"line":161,"column":3}}},"16":{"name":"(anonymous_16)","decl":{"start":{"line":157,"column":23},"end":{"line":157,"column":22}},"loc":{"start":{"line":157,"column":25},"end":{"line":159,"column":5}}},"17":{"name":"(anonymous_17)","decl":{"start":{"line":163,"column":2},"end":{"line":null,"column":-1}},"loc":{"start":{"line":163,"column":2},"end":{"line":211,"column":3}}},"18":{"name":"(anonymous_18)","decl":{"start":{"line":181,"column":40},"end":{"line":181,"column":40}},"loc":{"start":{"line":181,"column":48},"end":{"line":210,"column":5}}},"19":{"name":"(anonymous_19)","decl":{"start":{"line":184,"column":16},"end":{"line":184,"column":16}},"loc":{"start":{"line":184,"column":21},"end":{"line":189,"column":7}}},"20":{"name":"(anonymous_20)","decl":{"start":{"line":205,"column":23},"end":{"line":205,"column":22}},"loc":{"start":{"line":205,"column":24},"end":{"line":209,"column":7}}},"21":{"name":"(anonymous_21)","decl":{"start":{"line":213,"column":2},"end":{"line":null,"column":-1}},"loc":{"start":{"line":213,"column":2},"end":{"line":215,"column":3}}},"22":{"name":"(anonymous_22)","decl":{"start":{"line":264,"column":2},"end":{"line":264,"column":14}},"loc":{"start":{"line":264,"column":38},"end":{"line":278,"column":3}}}},"branchMap":{"0":{"loc":{"start":{"line":220,"column":4},"end":{"line":226,"column":5}},"type":"if","locations":[{"start":{"line":220,"column":4},"end":{"line":226,"column":5}},{"start":{"line":220,"column":4},"end":{"line":226,"column":5}}]},"1":{"loc":{"start":{"line":222,"column":8},"end":{"line":224,"column":9}},"type":"if","locations":[{"start":{"line":222,"column":8},"end":{"line":224,"column":9}},{"start":{"line":222,"column":8},"end":{"line":224,"column":9}}]},"2":{"loc":{"start":{"line":236,"column":6},"end":{"line":238,"column":7}},"type":"if","locations":[{"start":{"line":236,"column":6},"end":{"line":238,"column":7}},{"start":{"line":236,"column":6},"end":{"line":238,"column":7}}]},"3":{"loc":{"start":{"line":241,"column":4},"end":{"line":247,"column":5}},"type":"if","locations":[{"start":{"line":241,"column":4},"end":{"line":247,"column":5}},{"start":{"line":241,"column":4},"end":{"line":247,"column":5}}]},"4":{"loc":{"start":{"line":243,"column":8},"end":{"line":245,"column":9}},"type":"if","locations":[{"start":{"line":243,"column":8},"end":{"line":245,"column":9}},{"start":{"line":243,"column":8},"end":{"line":245,"column":9}}]},"5":{"loc":{"start":{"line":250,"column":6},"end":{"line":260,"column":7}},"type":"if","locations":[{"start":{"line":250,"column":6},"end":{"line":260,"column":7}},{"start":{"line":250,"column":6},"end":{"line":260,"column":7}}]},"6":{"loc":{"start":{"line":252,"column":8},"end":{"line":254,"column":9}},"type":"if","locations":[{"start":{"line":252,"column":8},"end":{"line":254,"column":9}},{"start":{"line":252,"column":8},"end":{"line":254,"column":9}}]},"7":{"loc":{"start":{"line":257,"column":8},"end":{"line":259,"column":9}},"type":"if","locations":[{"start":{"line":257,"column":8},"end":{"line":259,"column":9}},{"start":{"line":257,"column":8},"end":{"line":259,"column":9}}]},"8":{"loc":{"start":{"line":125,"column":4},"end":{"line":127,"column":5}},"type":"if","locations":[{"start":{"line":125,"column":4},"end":{"line":127,"column":5}},{"start":{"line":125,"column":4},"end":{"line":127,"column":5}}]},"9":{"loc":{"start":{"line":145,"column":6},"end":{"line":151,"column":7}},"type":"if","locations":[{"start":{"line":145,"column":6},"end":{"line":151,"column":7}},{"start":{"line":145,"column":6},"end":{"line":151,"column":7}}]},"10":{"loc":{"start":{"line":146,"column":8},"end":{"line":150,"column":9}},"type":"if","locations":[{"start":{"line":146,"column":8},"end":{"line":150,"column":9}},{"start":{"line":146,"column":8},"end":{"line":150,"column":9}}]},"11":{"loc":{"start":{"line":169,"column":4},"end":{"line":179,"column":5}},"type":"if","locations":[{"start":{"line":169,"column":4},"end":{"line":179,"column":5}},{"start":{"line":169,"column":4},"end":{"line":179,"column":5}}]},"12":{"loc":{"start":{"line":170,"column":6},"end":{"line":178,"column":7}},"type":"if","locations":[{"start":{"line":170,"column":6},"end":{"line":178,"column":7}},{"start":{"line":170,"column":6},"end":{"line":178,"column":7}}]},"13":{"loc":{"start":{"line":171,"column":8},"end":{"line":171,"column":43}},"type":"binary-expr","locations":[{"start":{"line":171,"column":8},"end":{"line":171,"column":43}},{"start":{"line":172,"column":8},"end":{"line":172,"column":43}},{"start":{"line":173,"column":8},"end":{"line":173,"column":42}}]},"14":{"loc":{"start":{"line":176,"column":13},"end":{"line":178,"column":7}},"type":"if","locations":[{"start":{"line":176,"column":13},"end":{"line":178,"column":7}},{"start":{"line":176,"column":13},"end":{"line":178,"column":7}}]},"15":{"loc":{"start":{"line":185,"column":8},"end":{"line":187,"column":9}},"type":"if","locations":[{"start":{"line":185,"column":8},"end":{"line":187,"column":9}},{"start":{"line":185,"column":8},"end":{"line":187,"column":9}}]},"16":{"loc":{"start":{"line":191,"column":6},"end":{"line":193,"column":7}},"type":"if","locations":[{"start":{"line":191,"column":6},"end":{"line":193,"column":7}},{"start":{"line":191,"column":6},"end":{"line":193,"column":7}}]},"17":{"loc":{"start":{"line":191,"column":10},"end":{"line":191,"column":31}},"type":"binary-expr","locations":[{"start":{"line":191,"column":10},"end":{"line":191,"column":31}},{"start":{"line":191,"column":35},"end":{"line":191,"column":56}},{"start":{"line":191,"column":60},"end":{"line":191,"column":80}}]},"18":{"loc":{"start":{"line":197,"column":6},"end":{"line":203,"column":7}},"type":"if","locations":[{"start":{"line":197,"column":6},"end":{"line":203,"column":7}},{"start":{"line":197,"column":6},"end":{"line":203,"column":7}}]},"19":{"loc":{"start":{"line":198,"column":8},"end":{"line":202,"column":9}},"type":"if","locations":[{"start":{"line":198,"column":8},"end":{"line":202,"column":9}},{"start":{"line":198,"column":8},"end":{"line":202,"column":9}}]},"20":{"loc":{"start":{"line":200,"column":15},"end":{"line":202,"column":9}},"type":"if","locations":[{"start":{"line":200,"column":15},"end":{"line":202,"column":9}},{"start":{"line":200,"column":15},"end":{"line":202,"column":9}}]},"21":{"loc":{"start":{"line":206,"column":8},"end":{"line":208,"column":9}},"type":"if","locations":[{"start":{"line":206,"column":8},"end":{"line":208,"column":9}},{"start":{"line":206,"column":8},"end":{"line":208,"column":9}}]},"22":{"loc":{"start":{"line":265,"column":4},"end":{"line":267,"column":5}},"type":"if","locations":[{"start":{"line":265,"column":4},"end":{"line":267,"column":5}},{"start":{"line":265,"column":4},"end":{"line":267,"column":5}}]},"23":{"loc":{"start":{"line":269,"column":4},"end":{"line":276,"column":5}},"type":"if","locations":[{"start":{"line":269,"column":4},"end":{"line":276,"column":5}},{"start":{"line":269,"column":4},"end":{"line":276,"column":5}}]},"24":{"loc":{"start":{"line":271,"column":6},"end":{"line":273,"column":7}},"type":"if","locations":[{"start":{"line":271,"column":6},"end":{"line":273,"column":7}},{"start":{"line":271,"column":6},"end":{"line":273,"column":7}}]}},"s":{"0":1,"1":1,"2":1,"3":1,"4":4,"5":4,"6":4,"7":4,"8":4,"9":3,"10":0,"11":0,"12":0,"13":0,"14":0,"15":4,"16":0,"17":0,"18":0,"19":0,"20":0,"21":0,"22":0,"23":0,"24":0,"25":0,"26":0,"27":0,"28":0,"29":0,"30":0,"31":0,"32":0,"33":0,"34":0,"35":4,"36":4,"37":1,"38":1,"39":1,"40":1,"41":2,"42":1,"43":4,"44":1,"45":18,"46":1,"47":3,"48":3,"49":3,"50":3,"51":3,"52":3,"53":3,"54":2,"55":1,"56":3,"57":1,"58":1,"59":1,"60":17,"61":1,"62":1,"63":5,"64":5,"65":5,"66":5,"67":5,"68":5,"69":5,"70":4,"71":1,"72":1,"73":5,"74":85,"75":85,"76":85,"77":85,"78":4,"79":3,"80":4,"81":85,"82":15,"83":70,"84":70,"85":70,"86":67,"87":3,"88":3,"89":70,"90":28,"91":28,"92":1,"93":4,"94":1,"95":0,"96":0,"97":0,"98":0,"99":0,"100":0,"101":0,"102":0,"103":1,"104":1},"f":{"0":1,"1":4,"2":3,"3":0,"4":0,"5":0,"6":0,"7":0,"8":0,"9":1,"10":2,"11":4,"12":18,"13":3,"14":3,"15":1,"16":17,"17":5,"18":85,"19":4,"20":28,"21":4,"22":0},"b":{"0":[0,0],"1":[0,0],"2":[0,0],"3":[0,0],"4":[0,0],"5":[0,0],"6":[0,0],"7":[0,0],"8":[1,0],"9":[3,0],"10":[2,1],"11":[5,0],"12":[4,1],"13":[5,4,4],"14":[1,0],"15":[3,1],"16":[15,70],"17":[85,80,75],"18":[70,0],"19":[67,3],"20":[3,0],"21":[28,0],"22":[0,0],"23":[0,0],"24":[0,0]}}
,"D:\\work\\vesium\\src\\core\\util.ts": {"path":"D:\\work\\vesium\\src\\core\\util.ts","statementMap":{"0":{"start":{"line":1,"column":0},"end":{"line":1,"column":58}},"1":{"start":{"line":3,"column":13},"end":{"line":17,"column":3}},"2":{"start":{"line":4,"column":2},"end":{"line":17,"column":3}},"3":{"start":{"line":19,"column":13},"end":{"line":26,"column":52}},"4":{"start":{"line":20,"column":2},"end":{"line":26,"column":52}}},"fnMap":{"0":{"name":"(anonymous_0)","decl":{"start":{"line":3,"column":30},"end":{"line":3,"column":30}},"loc":{"start":{"line":3,"column":45},"end":{"line":17,"column":3}}},"1":{"name":"(anonymous_1)","decl":{"start":{"line":19,"column":34},"end":{"line":19,"column":34}},"loc":{"start":{"line":19,"column":60},"end":{"line":26,"column":52}}}},"branchMap":{"0":{"loc":{"start":{"line":4,"column":2},"end":{"line":4,"column":5}},"type":"binary-expr","locations":[{"start":{"line":4,"column":2},"end":{"line":4,"column":5}},{"start":{"line":5,"column":2},"end":{"line":5,"column":5}},{"start":{"line":6,"column":2},"end":{"line":6,"column":23}},{"start":{"line":7,"column":2},"end":{"line":7,"column":23}},{"start":{"line":8,"column":2},"end":{"line":8,"column":19}},{"start":{"line":9,"column":2},"end":{"line":9,"column":21}},{"start":{"line":10,"column":2},"end":{"line":10,"column":19}},{"start":{"line":11,"column":2},"end":{"line":11,"column":27}},{"start":{"line":12,"column":2},"end":{"line":12,"column":29}},{"start":{"line":13,"column":2},"end":{"line":13,"column":15}},{"start":{"line":14,"column":2},"end":{"line":17,"column":3}}]},"1":{"loc":{"start":{"line":20,"column":2},"end":{"line":20,"column":10}},"type":"binary-expr","locations":[{"start":{"line":20,"column":2},"end":{"line":20,"column":10}},{"start":{"line":21,"column":3},"end":{"line":21,"column":21}},{"start":{"line":22,"column":5},"end":{"line":22,"column":16}},{"start":{"line":22,"column":20},"end":{"line":22,"column":41}},{"start":{"line":23,"column":5},"end":{"line":23,"column":23}},{"start":{"line":24,"column":7},"end":{"line":24,"column":35}},{"start":{"line":25,"column":9},"end":{"line":25,"column":34}},{"start":{"line":25,"column":38},"end":{"line":25,"column":70}},{"start":{"line":26,"column":8},"end":{"line":26,"column":49}}]}},"s":{"0":1,"1":1,"2":0,"3":1,"4":0},"f":{"0":0,"1":0},"b":{"0":[0,0,0,0,0,0,0,0,0,0,0],"1":[0,0,0,0,0,0,0,0,0]}}
}
