TN:
SF:D:\work\vesium\src\core\EventManager.ts
FN:74,(anonymous_0)
FN:119,EventManager
FN:217,(anonymous_2)
FN:217,(anonymous_3)
FN:221,(anonymous_4)
FN:229,(anonymous_5)
FN:233,(anonymous_6)
FN:242,(anonymous_7)
FN:249,(anonymous_8)
FN:124,(anonymous_9)
FN:130,(anonymous_10)
FN:134,(anonymous_11)
FN:138,(anonymous_12)
FN:142,(anonymous_13)
FN:143,(anonymous_14)
FN:156,(anonymous_15)
FN:157,(anonymous_16)
FN:163,(anonymous_17)
FN:181,(anonymous_18)
FN:184,(anonymous_19)
FN:205,(anonymous_20)
FN:213,(anonymous_21)
FN:264,(anonymous_22)
FNF:23
FNH:16
FNDA:1,(anonymous_0)
FNDA:4,EventManager
FNDA:3,(anonymous_2)
FNDA:0,(anonymous_3)
FNDA:0,(anonymous_4)
FNDA:0,(anonymous_5)
FNDA:0,(anonymous_6)
FNDA:0,(anonymous_7)
FNDA:0,(anonymous_8)
FNDA:1,(anonymous_9)
FNDA:2,(anonymous_10)
FNDA:4,(anonymous_11)
FNDA:18,(anonymous_12)
FNDA:3,(anonymous_13)
FNDA:3,(anonymous_14)
FNDA:1,(anonymous_15)
FNDA:17,(anonymous_16)
FNDA:5,(anonymous_17)
FNDA:85,(anonymous_18)
FNDA:4,(anonymous_19)
FNDA:28,(anonymous_20)
FNDA:4,(anonymous_21)
FNDA:0,(anonymous_22)
DA:1,1
DA:3,1
DA:54,1
DA:74,1
DA:75,1
DA:97,4
DA:116,4
DA:117,4
DA:119,4
DA:120,4
DA:121,4
DA:124,1
DA:125,1
DA:126,1
DA:130,1
DA:131,2
DA:134,1
DA:135,4
DA:138,1
DA:139,18
DA:142,3
DA:143,3
DA:144,3
DA:145,3
DA:146,3
DA:147,2
DA:149,1
DA:153,3
DA:156,1
DA:157,1
DA:158,17
DA:160,1
DA:163,5
DA:164,5
DA:165,5
DA:166,5
DA:167,5
DA:169,5
DA:170,5
DA:175,4
DA:176,1
DA:177,1
DA:181,85
DA:182,85
DA:184,85
DA:185,4
DA:186,3
DA:188,4
DA:191,85
DA:192,15
DA:195,70
DA:197,70
DA:198,70
DA:199,67
DA:200,3
DA:201,3
DA:205,70
DA:206,28
DA:207,28
DA:213,1
DA:214,4
DA:217,4
DA:218,0
DA:220,0
DA:221,0
DA:222,0
DA:223,0
DA:229,4
DA:230,0
DA:231,0
DA:233,0
DA:234,0
DA:235,0
DA:236,0
DA:237,0
DA:241,0
DA:242,0
DA:243,0
DA:244,0
DA:249,0
DA:250,0
DA:251,0
DA:252,0
DA:253,0
DA:256,0
DA:257,0
DA:258,0
DA:264,1
DA:265,0
DA:266,0
DA:268,0
DA:269,0
DA:271,0
DA:272,0
DA:275,0
DA:277,0
DA:279,1
LF:97
LH:65
BRDA:220,0,0,0
BRDA:220,0,1,0
BRDA:222,1,0,0
BRDA:222,1,1,0
BRDA:236,2,0,0
BRDA:236,2,1,0
BRDA:241,3,0,0
BRDA:241,3,1,0
BRDA:243,4,0,0
BRDA:243,4,1,0
BRDA:250,5,0,0
BRDA:250,5,1,0
BRDA:252,6,0,0
BRDA:252,6,1,0
BRDA:257,7,0,0
BRDA:257,7,1,0
BRDA:125,8,0,1
BRDA:125,8,1,0
BRDA:145,9,0,3
BRDA:145,9,1,0
BRDA:146,10,0,2
BRDA:146,10,1,1
BRDA:169,11,0,5
BRDA:169,11,1,0
BRDA:170,12,0,4
BRDA:170,12,1,1
BRDA:171,13,0,5
BRDA:171,13,1,4
BRDA:171,13,2,4
BRDA:176,14,0,1
BRDA:176,14,1,0
BRDA:185,15,0,3
BRDA:185,15,1,1
BRDA:191,16,0,15
BRDA:191,16,1,70
BRDA:191,17,0,85
BRDA:191,17,1,80
BRDA:191,17,2,75
BRDA:197,18,0,70
BRDA:197,18,1,0
BRDA:198,19,0,67
BRDA:198,19,1,3
BRDA:200,20,0,3
BRDA:200,20,1,0
BRDA:206,21,0,28
BRDA:206,21,1,0
BRDA:265,22,0,0
BRDA:265,22,1,0
BRDA:269,23,0,0
BRDA:269,23,1,0
BRDA:271,24,0,0
BRDA:271,24,1,0
BRF:52
BRH:23
end_of_record
TN:
SF:D:\work\vesium\src\core\util.ts
FN:3,(anonymous_0)
FN:19,(anonymous_1)
FNF:2
FNH:0
FNDA:0,(anonymous_0)
FNDA:0,(anonymous_1)
DA:1,1
DA:3,1
DA:4,0
DA:19,1
DA:20,0
LF:5
LH:3
BRDA:4,0,0,0
BRDA:4,0,1,0
BRDA:4,0,2,0
BRDA:4,0,3,0
BRDA:4,0,4,0
BRDA:4,0,5,0
BRDA:4,0,6,0
BRDA:4,0,7,0
BRDA:4,0,8,0
BRDA:4,0,9,0
BRDA:4,0,10,0
BRDA:20,1,0,0
BRDA:20,1,1,0
BRDA:20,1,2,0
BRDA:20,1,3,0
BRDA:20,1,4,0
BRDA:20,1,5,0
BRDA:20,1,6,0
BRDA:20,1,7,0
BRDA:20,1,8,0
BRF:20
BRH:0
end_of_record
